<?xml version="1.0" encoding="UTF-8"?>
<!-- Generated by org.testng.reporters.JUnitXMLReporter -->
<testsuite hostname="DESKTOP-OP1HFEP" ignored="0" name="ChromeTest1" tests="5" failures="0" timestamp="19 Feb 2019 07:08:49 GMT" time="331.249" errors="0">
  <testcase name="addOpportunityTask" time="65.805" classname="regressionPackage.RegressionSuite1"/>
  <testcase name="editTest" time="77.237" classname="regressionPackage.RegressionSuite1"/>
  <testcase name="editButtonTest" time="63.079" classname="regressionPackage.RegressionSuite1"/>
  <testcase name="markStageComplete" time="15.59" classname="regressionPackage.RegressionSuite1"/>
  <testcase name="searchOpportunityEdit" time="64.124" classname="regressionPackage.RegressionSuite1"/>
</testsuite> <!-- ChromeTest1 -->
