<?xml version="1.0" encoding="UTF-8"?>
<!-- Generated by org.testng.reporters.JUnitXMLReporter -->
<testsuite hostname="DESKTOP-OP1HFEP" ignored="0" name="ChromeTest3" tests="1" failures="1" timestamp="19 Feb 2019 06:37:08 GMT" time="209.392" errors="0">
  <testcase name="editButtonTest" time="197.872" classname="tests.EditButtonOpportunity">
    <failure type="java.lang.IndexOutOfBoundsException" message="Index: 0, Size: 0">
      <![CDATA[java.lang.IndexOutOfBoundsException: Index: 0, Size: 0
	at java.util.ArrayList.rangeCheck(Unknown Source)
	at java.util.ArrayList.get(Unknown Source)
	at pageObjects.OpportunityPage.firstOpportunityClick(OpportunityPage.java:60)
	at tests.EditButtonOpportunity.editButtonTest(EditButtonOpportunity.java:121)
	at java.util.concurrent.ThreadPoolExecutor.runWorker(Unknown Source)
	at java.util.concurrent.ThreadPoolExecutor$Worker.run(Unknown Source)
	at java.lang.Thread.run(Unknown Source)
... Removed 10 stack frames]]>
    </failure>
  </testcase> <!-- editButtonTest -->
</testsuite> <!-- ChromeTest3 -->
