<?xml version="1.0" encoding="UTF-8"?>
<!-- Generated by org.testng.reporters.JUnitXMLReporter -->
<testsuite hostname="DESKTOP-OP1HFEP" ignored="0" name="ChromeTest1" tests="5" failures="0" timestamp="14 Mar 2019 14:20:32 GMT" time="319.627" errors="0">
  <testcase name="addOpportunityTask" time="60.214" classname="regressionPackage.RegressionSuite1"/>
  <testcase name="editTest" time="79.08" classname="regressionPackage.RegressionSuite1"/>
  <testcase name="editButtonTest" time="53.689" classname="regressionPackage.RegressionSuite1"/>
  <testcase name="markStageComplete" time="11.195" classname="regressionPackage.RegressionSuite1"/>
  <testcase name="searchOpportunityEdit" time="64.009" classname="regressionPackage.RegressionSuite1"/>
</testsuite> <!-- ChromeTest1 -->
