<?xml version="1.0" encoding="UTF-8"?>
<!-- Generated by org.testng.reporters.JUnitXMLReporter -->
<testsuite hostname="DESKTOP-OP1HFEP" ignored="0" name="test1" tests="2" failures="2" timestamp="01 Feb 2019 14:18:31 GMT" time="0.047" errors="0">
  <testcase name="editTest" time="0.016" classname="regressionPackage.EditOpportunity">
    <failure type="java.lang.NullPointerException">
      <![CDATA[java.lang.NullPointerException
	at pageObjects.HomePage.opportunitiesClick(HomePage.java:32)
	at regressionPackage.EditOpportunity.editTest(EditOpportunity.java:109)
... Removed 25 stack frames]]>
    </failure>
  </testcase> <!-- editTest -->
  <testcase name="addOpportunityTask" time="0.0" classname="regressionPackage.AddOpprtunityTaskOrder">
    <failure type="java.lang.NullPointerException">
      <![CDATA[java.lang.NullPointerException
	at pageObjects.LoginPage.usernameInput(LoginPage.java:41)
	at regressionPackage.AddOpprtunityTaskOrder.addOpportunityTask(AddOpprtunityTaskOrder.java:99)
... Removed 25 stack frames]]>
    </failure>
  </testcase> <!-- addOpportunityTask -->
</testsuite> <!-- test1 -->
