<?xml version="1.0" encoding="UTF-8"?>
<testng-results skipped="0" failed="0" ignored="0" total="2" passed="2">
  <reporter-output>
  </reporter-output>
  <suite name="Default suite" duration-ms="185525" started-at="2019-02-25T11:49:01Z" finished-at="2019-02-25T11:52:07Z">
    <groups>
    </groups>
    <test name="Default test" duration-ms="185525" started-at="2019-02-25T11:49:01Z" finished-at="2019-02-25T11:52:07Z">
      <class name="adminFlows.CustomizeOpp">
        <test-method status="PASS" signature="setCapabilities()[pri:0, instance:adminFlows.CustomizeOpp@4b9e13df]" name="setCapabilities" is-config="true" duration-ms="15993" started-at="2019-02-25T17:19:01Z" finished-at="2019-02-25T17:19:17Z">
          <reporter-output>
          </reporter-output>
        </test-method> <!-- setCapabilities -->
        <test-method status="PASS" signature="customizeOpp()[pri:1, instance:adminFlows.CustomizeOpp@4b9e13df]" name="customizeOpp" duration-ms="113348" started-at="2019-02-25T17:19:17Z" finished-at="2019-02-25T17:21:11Z">
          <reporter-output>
          </reporter-output>
        </test-method> <!-- customizeOpp -->
        <test-method status="PASS" signature="verifyandDelete()[pri:2, instance:adminFlows.CustomizeOpp@4b9e13df]" name="verifyandDelete" duration-ms="56159" started-at="2019-02-25T17:21:11Z" finished-at="2019-02-25T17:22:07Z">
          <reporter-output>
          </reporter-output>
        </test-method> <!-- verifyandDelete -->
      </class> <!-- adminFlows.CustomizeOpp -->
    </test> <!-- Default test -->
  </suite> <!-- Default suite -->
</testng-results>
