<?xml version="1.0" encoding="UTF-8"?>
<!-- Generated by org.testng.reporters.JUnitXMLReporter -->
<testsuite ignored="0" hostname="DESKTOP-OP1HFEP" failures="0" tests="3" name="Default test" time="0.035" errors="0" timestamp="20 Mar 2019 12:37:57 GMT">
  <testcase classname="regressionPackage.RegressionSuite1" name="@BeforeTest setCapabilities" time="0.0">
    <failure type="org.testng.TestNGException" message="
Parameter &amp;apos;browser&amp;apos; is required by BeforeTest on method setCapabilities but has not been marked @Optional or defined
in C:\Users\TECHNO878\AppData\Local\Temp\testng-eclipse-1555098697\testng-customsuite.xml">
      <![CDATA[org.testng.TestNGException: 
Parameter 'browser' is required by BeforeTest on method setCapabilities but has not been marked @Optional or defined
in C:\Users\TECHNO878\AppData\Local\Temp\testng-eclipse-1555098697\testng-customsuite.xml
	at org.testng.internal.Parameters.createParameters(Parameters.java:199)
	at org.testng.internal.Parameters.createParameters(Parameters.java:443)
	at org.testng.internal.Parameters.createConfigurationParameters(Parameters.java:118)
	at org.testng.internal.Invoker.invokeConfigurations(Invoker.java:206)
	at org.testng.internal.Invoker.invokeConfigurations(Invoker.java:146)
	at org.testng.TestRunner.beforeRun(TestRunner.java:626)
	at org.testng.TestRunner.run(TestRunner.java:594)
	at org.testng.SuiteRunner.runTest(SuiteRunner.java:380)
	at org.testng.SuiteRunner.runSequentially(SuiteRunner.java:375)
	at org.testng.SuiteRunner.privateRun(SuiteRunner.java:340)
	at org.testng.SuiteRunner.run(SuiteRunner.java:289)
	at org.testng.SuiteRunnerWorker.runSuite(SuiteRunnerWorker.java:52)
	at org.testng.SuiteRunnerWorker.run(SuiteRunnerWorker.java:86)
	at org.testng.TestNG.runSuitesSequentially(TestNG.java:1301)
	at org.testng.TestNG.runSuitesLocally(TestNG.java:1226)
	at org.testng.TestNG.runSuites(TestNG.java:1144)
	at org.testng.TestNG.run(TestNG.java:1115)
	at org.testng.remote.AbstractRemoteTestNG.run(AbstractRemoteTestNG.java:114)
	at org.testng.remote.RemoteTestNG.initAndRun(RemoteTestNG.java:251)
	at org.testng.remote.RemoteTestNG.main(RemoteTestNG.java:77)
]]>
    </failure>
  </testcase> <!-- @BeforeTest setCapabilities -->
  <testcase classname="regressionPackage.RegressionSuite1" name="addOpportunityTask" time="0.0">
    <skipped/>
  </testcase> <!-- addOpportunityTask -->
  <testcase classname="regressionPackage.RegressionSuite1" name="editTest" time="0.0">
    <skipped/>
  </testcase> <!-- editTest -->
  <testcase classname="regressionPackage.RegressionSuite1" name="editButtonTest" time="0.001">
    <skipped/>
  </testcase> <!-- editButtonTest -->
</testsuite> <!-- Default test -->
